  Wed Jun 14 2006 20:18                                                                                                  Page    1







               2500 A.D. 8051 Macro Assembler  -  Version 4.03c
               ------------------------------------------------

                       Input  Filename : t1.asm
                       Output Filename : t1.obj


    1                          	;t1.asm	
    2                          	;Driver for LED.	                                     
    3                          	;----------------------------------------------------------------------
    4   0000                   		CHIP	8052		;chip family 8051 or 8052
    5                          		.list 	on		;generate list file
    6                          	
    7                          	;----------------------------------------------------------------------
    8   0000                   		org	0000h
    9   0000   C2 A0           		clr	sl1		;select display by clearing bit and
   10   0002   C2 A1           		clr	P2.1		;deselect display by seting bit
   11   0004   C2 A2           		clr	P2.2		
   12   0006   C2 A3           		clr	P2.3
   13                          	;
   14   0008   D2 80           		setb	P0.0		;dp seg
   15   000A   D2 81           		setb	P0.1		;g seg
   16   000C   D2 82           		setb	P0.2		;f seg
   17   000E   D2 83           		setb	P0.3		;e seg
   18   0010   D2 84           		setb	P0.4		;d seg
   19   0012   D2 85           		setb	P0.5		;c seg
   20   0014   D2 86           		setb	P0.6		;b seg
   21   0016   D2 87           		setb	P0.7		;a seg
   22                          	;
   23                          	;	mov	P0,#11010111b	;giving value in binary
   24                          	;	mov	P0,#0C7h	;giving value in hex
   25   0018   01 18           		jmp	$
   26                          	;
   27                          	;----------------------------------------------------------------------
   28          00A0            		sl1:	REG	P2.0
   29                          	;	end
   30   001A   C2 B0           		clr	P3.0
   31                          	;----------------------------------------------------------------------
   32                          	;T1 t1.asm
  Wed Jun 14 2006 20:18                                                                                                  Page    2


Defined            Symbol Name             Value                References

  Pre    BSECT                              0000      
  Pre    CODE                               0000            8
  Pre    DATA                               0000      
  Pre    RSECT                              0000      
   28    sl1                             =  00A0            9




           Lines Assembled :  32             Assembly Errors :  0


